<?xml version="1.0" encoding="UTF-8"?>
<!-- Generated by org.testng.reporters.JUnitXMLReporter -->
<testsuite hostname="II02--J88W2Z2" ignored="3" name="Test" tests="7" failures="7" timestamp="25 Dec 2019 22:38:24 GMT" time="7.526" errors="0">
  <testcase name="opentheurl" time="0.008" classname="automation.testexeution.ui.Test_Page_01">
    <failure type="java.lang.NullPointerException">
      <![CDATA[java.lang.NullPointerException
	at automation.testexeution.ui.Test_Page_01.opentheurl(Test_Page_01.java:25)
... Removed 25 stack frames]]>
    </failure>
  </testcase> <!-- opentheurl -->
  <testcase name="searchbuttontest" time="0.006" classname="automation.testexeution.ui.Test_Page_01">
    <failure type="java.lang.NullPointerException">
      <![CDATA[java.lang.NullPointerException
	at automation.ui.pages.Page_01.clicktosearchbutton(Page_01.java:37)
	at automation.testexeution.ui.Test_Page_01.searchbuttontest(Test_Page_01.java:38)
... Removed 25 stack frames]]>
    </failure>
  </testcase> <!-- searchbuttontest -->
  <testcase name="searchtest" time="0.002" classname="automation.testexeution.ui.Test_Page_01">
    <failure type="java.lang.NullPointerException">
      <![CDATA[java.lang.NullPointerException
	at org.openqa.selenium.support.pagefactory.DefaultElementLocator.findElement(DefaultElementLocator.java:69)
	at org.openqa.selenium.support.pagefactory.internal.LocatingElementHandler.invoke(LocatingElementHandler.java:38)
	at com.sun.proxy.$Proxy9.clear(Unknown Source)
	at automation.ui.pages.Page_01.enterdatatosearch(Page_01.java:29)
	at automation.testexeution.ui.Test_Page_01.searchtest(Test_Page_01.java:32)
... Removed 25 stack frames]]>
    </failure>
  </testcase> <!-- searchtest -->
  <testcase name="clicknewlinktest" time="0.001" classname="automation.testexeution.ui.Test_Page_02">
    <failure type="java.lang.NullPointerException">
      <![CDATA[java.lang.NullPointerException
	at org.openqa.selenium.support.pagefactory.DefaultElementLocator.findElement(DefaultElementLocator.java:69)
	at org.openqa.selenium.support.pagefactory.internal.LocatingElementHandler.invoke(LocatingElementHandler.java:38)
	at com.sun.proxy.$Proxy9.click(Unknown Source)
	at automation.ui.pages.Page_02.clicktoopennewlink(Page_02.java:41)
	at automation.testexeution.ui.Test_Page_02.clicknewlinktest(Test_Page_02.java:31)
... Removed 25 stack frames]]>
    </failure>
  </testcase> <!-- clicknewlinktest -->
  <testcase name="presenceofallelementstest" time="0.001" classname="automation.testexeution.ui.Test_Page_02">
    <failure type="java.lang.NullPointerException">
      <![CDATA[java.lang.NullPointerException
	at automation.ui.pages.Page_02.checkpresenceofelements(Page_02.java:28)
	at automation.testexeution.ui.Test_Page_02.presenceofallelementstest(Test_Page_02.java:25)
... Removed 25 stack frames]]>
    </failure>
  </testcase> <!-- presenceofallelementstest -->
  <testcase name="closewindowtest" time="0.001" classname="automation.testexeution.ui.Test_Page_03">
    <failure type="java.lang.NullPointerException">
      <![CDATA[java.lang.NullPointerException
	at org.openqa.selenium.support.pagefactory.DefaultElementLocator.findElement(DefaultElementLocator.java:69)
	at org.openqa.selenium.support.pagefactory.internal.LocatingElementHandler.invoke(LocatingElementHandler.java:38)
	at com.sun.proxy.$Proxy9.click(Unknown Source)
	at automation.ui.pages.Page_03.windowclose(Page_03.java:29)
	at automation.testexeution.ui.Test_Page_03.closewindowtest(Test_Page_03.java:23)
... Removed 25 stack frames]]>
    </failure>
  </testcase> <!-- closewindowtest -->
  <testcase name="zoominouttest" time="0.002" classname="automation.testexeution.ui.Test_Page_03">
    <failure type="java.lang.NullPointerException">
      <![CDATA[java.lang.NullPointerException
	at automation.ui.pages.Page_03.zoomInandzoomOut(Page_03.java:34)
	at automation.testexeution.ui.Test_Page_03.zoominouttest(Test_Page_03.java:29)
... Removed 25 stack frames]]>
    </failure>
  </testcase> <!-- zoominouttest -->
  <testcase name="@BeforeTest setbrowser" time="0.0" classname="automation.common.Base">
    <ignored/>
  </testcase> <!-- @BeforeTest setbrowser -->
  <testcase name="@BeforeTest setbrowser" time="0.0" classname="automation.common.Base">
    <ignored/>
  </testcase> <!-- @BeforeTest setbrowser -->
  <testcase name="@BeforeTest setbrowser" time="0.0" classname="automation.common.Base">
    <ignored/>
  </testcase> <!-- @BeforeTest setbrowser -->
</testsuite> <!-- Test -->
